0 info it worked if it ends with ok
1 verbose cli [ 'c:\\Program Files\\nodejs\\node.exe',
1 verbose cli   'c:\\Program Files\\nodejs\\node_modules\\npm\\bin\\npm-cli.js',
1 verbose cli   'start' ]
2 info using npm@2.11.3
3 info using node@v0.12.7
4 verbose run-script [ 'prestart', 'start', 'poststart' ]
5 info prestart Beenotes@0.0.1
6 info start Beenotes@0.0.1
7 verbose unsafe-perm in lifecycle true
8 info Beenotes@0.0.1 Failed to exec start script
9 verbose stack Error: Beenotes@0.0.1 start: `electron .`
9 verbose stack Exit status 1
9 verbose stack     at EventEmitter.<anonymous> (c:\Program Files\nodejs\node_modules\npm\lib\utils\lifecycle.js:213:16)
9 verbose stack     at EventEmitter.emit (events.js:110:17)
9 verbose stack     at ChildProcess.<anonymous> (c:\Program Files\nodejs\node_modules\npm\lib\utils\spawn.js:24:14)
9 verbose stack     at ChildProcess.emit (events.js:110:17)
9 verbose stack     at maybeClose (child_process.js:1015:16)
9 verbose stack     at Process.ChildProcess._handle.onexit (child_process.js:1087:5)
10 verbose pkgid Beenotes@0.0.1
11 verbose cwd c:\Users\Jesus Arturo\templates\beenotes\beenotes
12 error Windows_NT 6.2.9200
13 error argv "c:\\Program Files\\nodejs\\node.exe" "c:\\Program Files\\nodejs\\node_modules\\npm\\bin\\npm-cli.js" "start"
14 error node v0.12.7
15 error npm  v2.11.3
16 error code ELIFECYCLE
17 error Beenotes@0.0.1 start: `electron .`
17 error Exit status 1
18 error Failed at the Beenotes@0.0.1 start script 'electron .'.
18 error This is most likely a problem with the Beenotes package,
18 error not with npm itself.
18 error Tell the author that this fails on your system:
18 error     electron .
18 error You can get their info via:
18 error     npm owner ls Beenotes
18 error There is likely additional logging output above.
19 verbose exit [ 1, true ]
